[INFO ] 2024-04-17 21:45:18.563 [main] Log - Application launched! URL: https://www.beymen.com/
[INFO ] 2024-04-17 21:45:18.569 [main] Log - Çerezler info barında 'Tüm Çerezleri Reddet' butonuna basılır ve popup kapatılır
[INFO ] 2024-04-17 21:56:20.103 [main] Log - Application launched! URL: https://www.beymen.com/
[INFO ] 2024-04-17 21:56:20.118 [main] Log - Çerezler info barında 'Tüm Çerezleri Reddet' butonuna basılır ve popup kapatılır
[INFO ] 2024-04-17 21:56:25.861 [main] HomePage - Rastgele Bir Ürünü Sepete Ekler
[ERROR] 2024-04-17 21:56:25.861 [main] HomePage - Rastgele Bir Ürünü Sepete Ekler
[INFO ] 2024-04-17 22:01:31.831 [main] Log - Application launched! URL: https://www.beymen.com/
[INFO ] 2024-04-17 22:01:31.831 [main] Log - Çerezler info barında 'Tüm Çerezleri Reddet' butonuna basılır ve popup kapatılır
[INFO ] 2024-04-17 22:01:37.563 [main] HomePage - Rastgele Bir Ürünü Sepete Ekler
[ERROR] 2024-04-17 22:01:37.563 [main] HomePage - Rastgele Bir Ürünü Sepete Ekler
[INFO ] 2024-04-17 22:03:06.060 [main] Log - Application launched! URL: https://www.beymen.com/
[INFO ] 2024-04-17 22:03:06.062 [main] Log - Çerezler info barında 'Tüm Çerezleri Reddet' butonuna basılır ve popup kapatılır
[INFO ] 2024-04-17 22:03:11.800 [main] HomePage - Rastgele Bir Ürünü Sepete Ekler
[ERROR] 2024-04-17 22:03:11.800 [main] HomePage - Rastgele Bir Ürünü Sepete Ekler
[INFO ] 2024-04-17 22:03:18.815 [main] HomePage - Ürün sayfasındaki fiyat: 34.000 TL
[INFO ] 2024-04-17 23:11:16.394 [main] Log - Application launched! URL: https://www.beymen.com/
[INFO ] 2024-04-17 23:11:16.394 [main] Log - Çerezler info barında 'Tüm Çerezleri Reddet' butonuna basılır ve popup kapatılır
[INFO ] 2024-04-17 23:11:22.110 [main] HomePage - Rastgele Bir Ürünü Sepete Ekler
[ERROR] 2024-04-17 23:11:22.110 [main] HomePage - Rastgele Bir Ürünü Sepete Ekler
[INFO ] 2024-04-17 23:11:28.895 [main] HomePage - Ürün sayfasındaki fiyat: 13.250 TL
[INFO ] 2024-04-17 23:12:17.402 [main] Log - Application launched! URL: https://www.beymen.com/
[INFO ] 2024-04-17 23:12:17.404 [main] Log - Çerezler info barında 'Tüm Çerezleri Reddet' butonuna basılır ve popup kapatılır
[INFO ] 2024-04-17 23:12:23.273 [main] HomePage - Rastgele Bir Ürünü Sepete Ekler
[ERROR] 2024-04-17 23:12:23.273 [main] HomePage - Rastgele Bir Ürünü Sepete Ekler
[INFO ] 2024-04-17 23:12:29.797 [main] HomePage - Ürün sayfasındaki fiyat: 1.899,99 TL
[INFO ] 2024-04-17 23:56:18.491 [main] Log - Application launched! URL: https://www.beymen.com/
[INFO ] 2024-04-17 23:56:18.494 [main] Log - Çerezler info barında 'Tüm Çerezleri Reddet' butonuna basılır ve popup kapatılır
[INFO ] 2024-04-17 23:56:24.463 [main] HomePage - Rastgele Bir Ürünü Sepete Ekler
[ERROR] 2024-04-17 23:56:24.463 [main] HomePage - Rastgele Bir Ürünü Sepete Ekler
[INFO ] 2024-04-17 23:56:31.663 [main] HomePage - Ürün sayfasındaki fiyat: 13.250 TL
[INFO ] 2024-04-17 23:57:31.480 [main] Log - Application launched! URL: https://www.beymen.com/
[INFO ] 2024-04-17 23:57:31.480 [main] Log - Çerezler info barında 'Tüm Çerezleri Reddet' butonuna basılır ve popup kapatılır
[INFO ] 2024-04-17 23:57:37.244 [main] HomePage - Rastgele Bir Ürünü Sepete Ekler
[ERROR] 2024-04-17 23:57:37.244 [main] HomePage - Rastgele Bir Ürünü Sepete Ekler
[INFO ] 2024-04-17 23:57:45.933 [main] HomePage - Ürün sayfasındaki fiyat: 1.629,99 TL
